<?xml version="1.0" encoding="UTF-8"?>
<testsuites name="jest tests" tests="437" failures="0" time="5.186">
  <testsuite name="undefined" errors="0" failures="0" skipped="0" timestamp="2019-07-13T22:43:58" time="1.342" tests="1">
    <testcase classname=" convert log entries to string" name=" convert log entries to string" time="0.009">
    </testcase>
  </testsuite>
  <testsuite name="clearCustomLogLevel()" errors="0" failures="0" skipped="0" timestamp="2019-07-13T22:43:58" time="1.362" tests="4">
    <testcase classname="clearCustomLogLevel() clear all custom levels" name="clearCustomLogLevel() clear all custom levels" time="0.008">
    </testcase>
    <testcase classname="onAddCustomLogLevel() trigger listener on add" name="onAddCustomLogLevel() trigger listener on add" time="0.002">
    </testcase>
    <testcase classname="onAddCustomLogLevel() unsubscribe listener" name="onAddCustomLogLevel() unsubscribe listener" time="0">
    </testcase>
    <testcase classname="onAddCustomLogLevel() unsubscribe again has no effect" name="onAddCustomLogLevel() unsubscribe again has no effect" time="0">
    </testcase>
  </testsuite>
  <testsuite name="undefined" errors="0" failures="0" skipped="0" timestamp="2019-07-13T22:44:00" time="0.215" tests="1">
    <testcase classname=" LogReporter can specify what kind of LogFormatter it accepts" name=" LogReporter can specify what kind of LogFormatter it accepts" time="0">
    </testcase>
  </testsuite>
  <testsuite name="undefined" errors="0" failures="0" skipped="0" timestamp="2019-07-13T22:43:58" time="1.55" tests="6">
    <testcase classname=" in production mode by default" name=" in production mode by default" time="0.007">
    </testcase>
    <testcase classname=" configure default logLevel" name=" configure default logLevel" time="0.002">
    </testcase>
    <testcase classname=" calling config twice emits a warning during development mode" name=" calling config twice emits a warning during development mode" time="0.009">
    </testcase>
    <testcase classname=" calling config twice thros ProhibitedDuringProduction in production mode" name=" calling config twice thros ProhibitedDuringProduction in production mode" time="0.003">
    </testcase>
    <testcase classname=" add custom levels" name=" add custom levels" time="0.001">
    </testcase>
    <testcase classname=" configure to use a reporter instance" name=" configure to use a reporter instance" time="0.002">
    </testcase>
  </testsuite>
  <testsuite name="undefined" errors="0" failures="0" skipped="0" timestamp="2019-07-13T22:43:58" time="1.557" tests="33">
    <testcase classname=" logger id supports alphanumeric and :_-." name=" logger id supports alphanumeric and :_-." time="0.005">
    </testcase>
    <testcase classname=" logger id supports unicode" name=" logger id supports unicode" time="0.001">
    </testcase>
    <testcase classname=" throws if id has unsupported character `" name=" throws if id has unsupported character `" time="0.002">
    </testcase>
    <testcase classname=" throws if id has unsupported character ~" name=" throws if id has unsupported character ~" time="0">
    </testcase>
    <testcase classname=" throws if id has unsupported character !" name=" throws if id has unsupported character !" time="0">
    </testcase>
    <testcase classname=" throws if id has unsupported character @" name=" throws if id has unsupported character @" time="0.001">
    </testcase>
    <testcase classname=" throws if id has unsupported character #" name=" throws if id has unsupported character #" time="0">
    </testcase>
    <testcase classname=" throws if id has unsupported character $" name=" throws if id has unsupported character $" time="0">
    </testcase>
    <testcase classname=" throws if id has unsupported character %" name=" throws if id has unsupported character %" time="0">
    </testcase>
    <testcase classname=" throws if id has unsupported character ^" name=" throws if id has unsupported character ^" time="0.001">
    </testcase>
    <testcase classname=" throws if id has unsupported character &amp;" name=" throws if id has unsupported character &amp;" time="0">
    </testcase>
    <testcase classname=" throws if id has unsupported character *" name=" throws if id has unsupported character *" time="0">
    </testcase>
    <testcase classname=" throws if id has unsupported character (" name=" throws if id has unsupported character (" time="0.001">
    </testcase>
    <testcase classname=" throws if id has unsupported character )" name=" throws if id has unsupported character )" time="0.007">
    </testcase>
    <testcase classname=" throws if id has unsupported character =" name=" throws if id has unsupported character =" time="0">
    </testcase>
    <testcase classname=" throws if id has unsupported character +" name=" throws if id has unsupported character +" time="0.001">
    </testcase>
    <testcase classname=" throws if id has unsupported character \" name=" throws if id has unsupported character \" time="0">
    </testcase>
    <testcase classname=" throws if id has unsupported character /" name=" throws if id has unsupported character /" time="0.001">
    </testcase>
    <testcase classname=" throws if id has unsupported character |" name=" throws if id has unsupported character |" time="0">
    </testcase>
    <testcase classname=" throws if id has unsupported character [" name=" throws if id has unsupported character [" time="0.001">
    </testcase>
    <testcase classname=" throws if id has unsupported character ]" name=" throws if id has unsupported character ]" time="0">
    </testcase>
    <testcase classname=" throws if id has unsupported character {" name=" throws if id has unsupported character {" time="0.001">
    </testcase>
    <testcase classname=" throws if id has unsupported character }" name=" throws if id has unsupported character }" time="0">
    </testcase>
    <testcase classname=" throws if id has unsupported character &lt;" name=" throws if id has unsupported character &lt;" time="0.002">
    </testcase>
    <testcase classname=" throws if id has unsupported character &gt;" name=" throws if id has unsupported character &gt;" time="0">
    </testcase>
    <testcase classname=" throws if id has unsupported character ," name=" throws if id has unsupported character ," time="0.001">
    </testcase>
    <testcase classname=" throws if id has unsupported character ?" name=" throws if id has unsupported character ?" time="0">
    </testcase>
    <testcase classname=" logger with custom level" name=" logger with custom level" time="0.005">
    </testcase>
    <testcase classname=" get logger with same name gets the same instance" name=" get logger with same name gets the same instance" time="0.004">
    </testcase>
    <testcase classname=" new logger will get custom level" name=" new logger will get custom level" time="0.002">
    </testcase>
    <testcase classname=" existing logger will get custom level" name=" existing logger will get custom level" time="0">
    </testcase>
    <testcase classname="count() will increment the counter" name="count() will increment the counter" time="0.001">
    </testcase>
    <testcase classname="count() append args after the counter" name="count() append args after the counter" time="0">
    </testcase>
  </testsuite>
  <testsuite name="rendering tests" errors="0" failures="0" skipped="0" timestamp="2019-07-13T22:43:58" time="1.569" tests="13">
    <testcase classname="rendering tests default to color rendering" name="rendering tests default to color rendering" time="0.02">
    </testcase>
    <testcase classname="rendering tests plain rendering" name="rendering tests plain rendering" time="0.009">
    </testcase>
    <testcase classname="id default is &quot;console&quot;" name="id default is &quot;console&quot;" time="0.004">
    </testcase>
    <testcase classname="id can be overriden" name="id can be overriden" time="0.001">
    </testcase>
    <testcase classname="log level error, alert, critical and emergency logs are written to console.error" name="log level error, alert, critical and emergency logs are written to console.error" time="0.003">
    </testcase>
    <testcase classname="log level warn logs are written to console.warn" name="log level warn logs are written to console.warn" time="0.001">
    </testcase>
    <testcase classname="log level notice and info logs are written to console.info" name="log level notice and info logs are written to console.info" time="0.001">
    </testcase>
    <testcase classname="log level debug, trace, and planck logs are written to console.debug" name="log level debug, trace, and planck logs are written to console.debug" time="0.001">
    </testcase>
    <testcase classname="custom logs are written according to their log level value" name="custom logs are written according to their log level value" time="0.002">
    </testcase>
    <testcase classname="formatter use specific formatter" name="formatter use specific formatter" time="0.003">
    </testcase>
    <testcase classname="formatter formatter can be changed afterward" name="formatter formatter can be changed afterward" time="0">
    </testcase>
    <testcase classname="filter use specific filter" name="filter use specific filter" time="0.001">
    </testcase>
    <testcase classname=" write log entry with multiple arguments" name=" write log entry with multiple arguments" time="0.001">
    </testcase>
  </testsuite>
  <testsuite name="toLogLevelName()" errors="0" failures="0" skipped="0" timestamp="2019-07-13T22:43:58" time="1.798" tests="15">
    <testcase classname="toLogLevelName() convert 99 to emergency" name="toLogLevelName() convert 99 to emergency" time="0.006">
    </testcase>
    <testcase classname="toLogLevelName() convert 199 to alert" name="toLogLevelName() convert 199 to alert" time="0.001">
    </testcase>
    <testcase classname="toLogLevelName() convert 299 to critical" name="toLogLevelName() convert 299 to critical" time="0.001">
    </testcase>
    <testcase classname="toLogLevelName() convert 399 to error" name="toLogLevelName() convert 399 to error" time="0">
    </testcase>
    <testcase classname="toLogLevelName() convert 499 to warn" name="toLogLevelName() convert 499 to warn" time="0.001">
    </testcase>
    <testcase classname="toLogLevelName() convert 599 to notice" name="toLogLevelName() convert 599 to notice" time="0">
    </testcase>
    <testcase classname="toLogLevelName() convert 699 to info" name="toLogLevelName() convert 699 to info" time="0.001">
    </testcase>
    <testcase classname="toLogLevelName() convert 799 to debug" name="toLogLevelName() convert 799 to debug" time="0">
    </testcase>
    <testcase classname="toLogLevelName() convert 899 to trace" name="toLogLevelName() convert 899 to trace" time="0.001">
    </testcase>
    <testcase classname="toLogLevelName() convert 9999999 to planck" name="toLogLevelName() convert 9999999 to planck" time="0">
    </testcase>
    <testcase classname="toLogLevelName() get custom log level name" name="toLogLevelName() get custom log level name" time="0.001">
    </testcase>
    <testcase classname="toLogLevel() get default log levels" name="toLogLevel() get default log levels" time="0.003">
    </testcase>
    <testcase classname="toLogLevel() get custom log level" name="toLogLevel() get custom log level" time="0.001">
    </testcase>
    <testcase classname="getAllLogLevels get all default log levels except none and all" name="getAllLogLevels get all default log levels except none and all" time="0.005">
    </testcase>
    <testcase classname="getAllLogLevels include custom level (even if they have the same level value as one of the default level)" name="getAllLogLevels include custom level (even if they have the same level value as one of the default level)" time="0.004">
    </testcase>
  </testsuite>
  <testsuite name="toSyslogSeverity()" errors="0" failures="0" skipped="0" timestamp="2019-07-13T22:43:58" time="1.814" tests="164">
    <testcase classname="toSyslogSeverity() convert 1 to emergency" name="toSyslogSeverity() convert 1 to emergency" time="0.006">
    </testcase>
    <testcase classname="toSyslogSeverity() convert 2 to emergency" name="toSyslogSeverity() convert 2 to emergency" time="0.001">
    </testcase>
    <testcase classname="toSyslogSeverity() convert 3 to emergency" name="toSyslogSeverity() convert 3 to emergency" time="0">
    </testcase>
    <testcase classname="toSyslogSeverity() convert 4 to emergency" name="toSyslogSeverity() convert 4 to emergency" time="0.001">
    </testcase>
    <testcase classname="toSyslogSeverity() convert 5 to emergency" name="toSyslogSeverity() convert 5 to emergency" time="0">
    </testcase>
    <testcase classname="toSyslogSeverity() convert 6 to emergency" name="toSyslogSeverity() convert 6 to emergency" time="0.001">
    </testcase>
    <testcase classname="toSyslogSeverity() convert 7 to emergency" name="toSyslogSeverity() convert 7 to emergency" time="0.001">
    </testcase>
    <testcase classname="toSyslogSeverity() convert 8 to emergency" name="toSyslogSeverity() convert 8 to emergency" time="0">
    </testcase>
    <testcase classname="toSyslogSeverity() convert 9 to emergency" name="toSyslogSeverity() convert 9 to emergency" time="0.001">
    </testcase>
    <testcase classname="toSyslogSeverity() convert 10 to emergency" name="toSyslogSeverity() convert 10 to emergency" time="0.001">
    </testcase>
    <testcase classname="toSyslogSeverity() convert 11 to emergency" name="toSyslogSeverity() convert 11 to emergency" time="0">
    </testcase>
    <testcase classname="toSyslogSeverity() convert 12 to emergency" name="toSyslogSeverity() convert 12 to emergency" time="0.001">
    </testcase>
    <testcase classname="toSyslogSeverity() convert 13 to emergency" name="toSyslogSeverity() convert 13 to emergency" time="0">
    </testcase>
    <testcase classname="toSyslogSeverity() convert 14 to emergency" name="toSyslogSeverity() convert 14 to emergency" time="0.001">
    </testcase>
    <testcase classname="toSyslogSeverity() convert 15 to emergency" name="toSyslogSeverity() convert 15 to emergency" time="0">
    </testcase>
    <testcase classname="toSyslogSeverity() convert 16 to emergency" name="toSyslogSeverity() convert 16 to emergency" time="0.001">
    </testcase>
    <testcase classname="toSyslogSeverity() convert 17 to emergency" name="toSyslogSeverity() convert 17 to emergency" time="0">
    </testcase>
    <testcase classname="toSyslogSeverity() convert 18 to emergency" name="toSyslogSeverity() convert 18 to emergency" time="0.001">
    </testcase>
    <testcase classname="toSyslogSeverity() convert 20 to alert" name="toSyslogSeverity() convert 20 to alert" time="0">
    </testcase>
    <testcase classname="toSyslogSeverity() convert 21 to alert" name="toSyslogSeverity() convert 21 to alert" time="0.001">
    </testcase>
    <testcase classname="toSyslogSeverity() convert 22 to alert" name="toSyslogSeverity() convert 22 to alert" time="0">
    </testcase>
    <testcase classname="toSyslogSeverity() convert 23 to alert" name="toSyslogSeverity() convert 23 to alert" time="0.001">
    </testcase>
    <testcase classname="toSyslogSeverity() convert 24 to alert" name="toSyslogSeverity() convert 24 to alert" time="0">
    </testcase>
    <testcase classname="toSyslogSeverity() convert 25 to alert" name="toSyslogSeverity() convert 25 to alert" time="0">
    </testcase>
    <testcase classname="toSyslogSeverity() convert 26 to alert" name="toSyslogSeverity() convert 26 to alert" time="0.001">
    </testcase>
    <testcase classname="toSyslogSeverity() convert 27 to alert" name="toSyslogSeverity() convert 27 to alert" time="0">
    </testcase>
    <testcase classname="toSyslogSeverity() convert 28 to alert" name="toSyslogSeverity() convert 28 to alert" time="0.001">
    </testcase>
    <testcase classname="toSyslogSeverity() convert 30 to critical" name="toSyslogSeverity() convert 30 to critical" time="0.001">
    </testcase>
    <testcase classname="toSyslogSeverity() convert 31 to critical" name="toSyslogSeverity() convert 31 to critical" time="0">
    </testcase>
    <testcase classname="toSyslogSeverity() convert 32 to critical" name="toSyslogSeverity() convert 32 to critical" time="0.001">
    </testcase>
    <testcase classname="toSyslogSeverity() convert 33 to critical" name="toSyslogSeverity() convert 33 to critical" time="0">
    </testcase>
    <testcase classname="toSyslogSeverity() convert 34 to critical" name="toSyslogSeverity() convert 34 to critical" time="0">
    </testcase>
    <testcase classname="toSyslogSeverity() convert 35 to critical" name="toSyslogSeverity() convert 35 to critical" time="0.001">
    </testcase>
    <testcase classname="toSyslogSeverity() convert 36 to critical" name="toSyslogSeverity() convert 36 to critical" time="0">
    </testcase>
    <testcase classname="toSyslogSeverity() convert 37 to critical" name="toSyslogSeverity() convert 37 to critical" time="0">
    </testcase>
    <testcase classname="toSyslogSeverity() convert 38 to critical" name="toSyslogSeverity() convert 38 to critical" time="0.001">
    </testcase>
    <testcase classname="toSyslogSeverity() convert 40 to error" name="toSyslogSeverity() convert 40 to error" time="0">
    </testcase>
    <testcase classname="toSyslogSeverity() convert 41 to error" name="toSyslogSeverity() convert 41 to error" time="0">
    </testcase>
    <testcase classname="toSyslogSeverity() convert 42 to error" name="toSyslogSeverity() convert 42 to error" time="0.001">
    </testcase>
    <testcase classname="toSyslogSeverity() convert 43 to error" name="toSyslogSeverity() convert 43 to error" time="0">
    </testcase>
    <testcase classname="toSyslogSeverity() convert 44 to error" name="toSyslogSeverity() convert 44 to error" time="0.001">
    </testcase>
    <testcase classname="toSyslogSeverity() convert 45 to error" name="toSyslogSeverity() convert 45 to error" time="0">
    </testcase>
    <testcase classname="toSyslogSeverity() convert 46 to error" name="toSyslogSeverity() convert 46 to error" time="0">
    </testcase>
    <testcase classname="toSyslogSeverity() convert 47 to error" name="toSyslogSeverity() convert 47 to error" time="0">
    </testcase>
    <testcase classname="toSyslogSeverity() convert 48 to error" name="toSyslogSeverity() convert 48 to error" time="0.001">
    </testcase>
    <testcase classname="toSyslogSeverity() convert 50 to warning" name="toSyslogSeverity() convert 50 to warning" time="0">
    </testcase>
    <testcase classname="toSyslogSeverity() convert 51 to warning" name="toSyslogSeverity() convert 51 to warning" time="0">
    </testcase>
    <testcase classname="toSyslogSeverity() convert 52 to warning" name="toSyslogSeverity() convert 52 to warning" time="0">
    </testcase>
    <testcase classname="toSyslogSeverity() convert 53 to warning" name="toSyslogSeverity() convert 53 to warning" time="0.001">
    </testcase>
    <testcase classname="toSyslogSeverity() convert 54 to warning" name="toSyslogSeverity() convert 54 to warning" time="0">
    </testcase>
    <testcase classname="toSyslogSeverity() convert 55 to warning" name="toSyslogSeverity() convert 55 to warning" time="0">
    </testcase>
    <testcase classname="toSyslogSeverity() convert 56 to warning" name="toSyslogSeverity() convert 56 to warning" time="0">
    </testcase>
    <testcase classname="toSyslogSeverity() convert 57 to warning" name="toSyslogSeverity() convert 57 to warning" time="0.001">
    </testcase>
    <testcase classname="toSyslogSeverity() convert 58 to warning" name="toSyslogSeverity() convert 58 to warning" time="0.005">
    </testcase>
    <testcase classname="toSyslogSeverity() convert 60 to notice" name="toSyslogSeverity() convert 60 to notice" time="0">
    </testcase>
    <testcase classname="toSyslogSeverity() convert 61 to notice" name="toSyslogSeverity() convert 61 to notice" time="0.001">
    </testcase>
    <testcase classname="toSyslogSeverity() convert 62 to notice" name="toSyslogSeverity() convert 62 to notice" time="0">
    </testcase>
    <testcase classname="toSyslogSeverity() convert 63 to notice" name="toSyslogSeverity() convert 63 to notice" time="0">
    </testcase>
    <testcase classname="toSyslogSeverity() convert 64 to notice" name="toSyslogSeverity() convert 64 to notice" time="0">
    </testcase>
    <testcase classname="toSyslogSeverity() convert 65 to notice" name="toSyslogSeverity() convert 65 to notice" time="0.001">
    </testcase>
    <testcase classname="toSyslogSeverity() convert 66 to notice" name="toSyslogSeverity() convert 66 to notice" time="0">
    </testcase>
    <testcase classname="toSyslogSeverity() convert 67 to notice" name="toSyslogSeverity() convert 67 to notice" time="0">
    </testcase>
    <testcase classname="toSyslogSeverity() convert 68 to notice" name="toSyslogSeverity() convert 68 to notice" time="0">
    </testcase>
    <testcase classname="toSyslogSeverity() convert 70 to informational" name="toSyslogSeverity() convert 70 to informational" time="0">
    </testcase>
    <testcase classname="toSyslogSeverity() convert 71 to informational" name="toSyslogSeverity() convert 71 to informational" time="0.001">
    </testcase>
    <testcase classname="toSyslogSeverity() convert 72 to informational" name="toSyslogSeverity() convert 72 to informational" time="0">
    </testcase>
    <testcase classname="toSyslogSeverity() convert 73 to informational" name="toSyslogSeverity() convert 73 to informational" time="0">
    </testcase>
    <testcase classname="toSyslogSeverity() convert 74 to informational" name="toSyslogSeverity() convert 74 to informational" time="0">
    </testcase>
    <testcase classname="toSyslogSeverity() convert 75 to informational" name="toSyslogSeverity() convert 75 to informational" time="0">
    </testcase>
    <testcase classname="toSyslogSeverity() convert 76 to informational" name="toSyslogSeverity() convert 76 to informational" time="0">
    </testcase>
    <testcase classname="toSyslogSeverity() convert 77 to informational" name="toSyslogSeverity() convert 77 to informational" time="0.001">
    </testcase>
    <testcase classname="toSyslogSeverity() convert 78 to informational" name="toSyslogSeverity() convert 78 to informational" time="0">
    </testcase>
    <testcase classname="toSyslogSeverity() convert 80 to debug" name="toSyslogSeverity() convert 80 to debug" time="0">
    </testcase>
    <testcase classname="toSyslogSeverity() convert 81 to debug" name="toSyslogSeverity() convert 81 to debug" time="0">
    </testcase>
    <testcase classname="toSyslogSeverity() convert 82 to debug" name="toSyslogSeverity() convert 82 to debug" time="0">
    </testcase>
    <testcase classname="toSyslogSeverity() convert 83 to debug" name="toSyslogSeverity() convert 83 to debug" time="0.001">
    </testcase>
    <testcase classname="toSyslogSeverity() convert 84 to debug" name="toSyslogSeverity() convert 84 to debug" time="0">
    </testcase>
    <testcase classname="toSyslogSeverity() convert 85 to debug" name="toSyslogSeverity() convert 85 to debug" time="0">
    </testcase>
    <testcase classname="toSyslogSeverity() convert 86 to debug" name="toSyslogSeverity() convert 86 to debug" time="0">
    </testcase>
    <testcase classname="toSyslogSeverity() convert 87 to debug" name="toSyslogSeverity() convert 87 to debug" time="0">
    </testcase>
    <testcase classname="toSyslogSeverity() convert 88 to debug" name="toSyslogSeverity() convert 88 to debug" time="0.001">
    </testcase>
    <testcase classname="toSyslogSeverity() convert 89 to debug" name="toSyslogSeverity() convert 89 to debug" time="0">
    </testcase>
    <testcase classname="toSyslogKeyword() convert 1 to emerg" name="toSyslogKeyword() convert 1 to emerg" time="0.001">
    </testcase>
    <testcase classname="toSyslogKeyword() convert 2 to emerg" name="toSyslogKeyword() convert 2 to emerg" time="0">
    </testcase>
    <testcase classname="toSyslogKeyword() convert 3 to emerg" name="toSyslogKeyword() convert 3 to emerg" time="0">
    </testcase>
    <testcase classname="toSyslogKeyword() convert 4 to emerg" name="toSyslogKeyword() convert 4 to emerg" time="0">
    </testcase>
    <testcase classname="toSyslogKeyword() convert 5 to emerg" name="toSyslogKeyword() convert 5 to emerg" time="0">
    </testcase>
    <testcase classname="toSyslogKeyword() convert 6 to emerg" name="toSyslogKeyword() convert 6 to emerg" time="0.001">
    </testcase>
    <testcase classname="toSyslogKeyword() convert 7 to emerg" name="toSyslogKeyword() convert 7 to emerg" time="0">
    </testcase>
    <testcase classname="toSyslogKeyword() convert 8 to emerg" name="toSyslogKeyword() convert 8 to emerg" time="0">
    </testcase>
    <testcase classname="toSyslogKeyword() convert 9 to emerg" name="toSyslogKeyword() convert 9 to emerg" time="0">
    </testcase>
    <testcase classname="toSyslogKeyword() convert 10 to emerg" name="toSyslogKeyword() convert 10 to emerg" time="0">
    </testcase>
    <testcase classname="toSyslogKeyword() convert 11 to emerg" name="toSyslogKeyword() convert 11 to emerg" time="0">
    </testcase>
    <testcase classname="toSyslogKeyword() convert 12 to emerg" name="toSyslogKeyword() convert 12 to emerg" time="0">
    </testcase>
    <testcase classname="toSyslogKeyword() convert 13 to emerg" name="toSyslogKeyword() convert 13 to emerg" time="0">
    </testcase>
    <testcase classname="toSyslogKeyword() convert 14 to emerg" name="toSyslogKeyword() convert 14 to emerg" time="0">
    </testcase>
    <testcase classname="toSyslogKeyword() convert 15 to emerg" name="toSyslogKeyword() convert 15 to emerg" time="0">
    </testcase>
    <testcase classname="toSyslogKeyword() convert 16 to emerg" name="toSyslogKeyword() convert 16 to emerg" time="0">
    </testcase>
    <testcase classname="toSyslogKeyword() convert 17 to emerg" name="toSyslogKeyword() convert 17 to emerg" time="0.001">
    </testcase>
    <testcase classname="toSyslogKeyword() convert 18 to emerg" name="toSyslogKeyword() convert 18 to emerg" time="0">
    </testcase>
    <testcase classname="toSyslogKeyword() convert 20 to alert" name="toSyslogKeyword() convert 20 to alert" time="0">
    </testcase>
    <testcase classname="toSyslogKeyword() convert 21 to alert" name="toSyslogKeyword() convert 21 to alert" time="0">
    </testcase>
    <testcase classname="toSyslogKeyword() convert 22 to alert" name="toSyslogKeyword() convert 22 to alert" time="0">
    </testcase>
    <testcase classname="toSyslogKeyword() convert 23 to alert" name="toSyslogKeyword() convert 23 to alert" time="0">
    </testcase>
    <testcase classname="toSyslogKeyword() convert 24 to alert" name="toSyslogKeyword() convert 24 to alert" time="0">
    </testcase>
    <testcase classname="toSyslogKeyword() convert 25 to alert" name="toSyslogKeyword() convert 25 to alert" time="0">
    </testcase>
    <testcase classname="toSyslogKeyword() convert 26 to alert" name="toSyslogKeyword() convert 26 to alert" time="0">
    </testcase>
    <testcase classname="toSyslogKeyword() convert 27 to alert" name="toSyslogKeyword() convert 27 to alert" time="0">
    </testcase>
    <testcase classname="toSyslogKeyword() convert 28 to alert" name="toSyslogKeyword() convert 28 to alert" time="0">
    </testcase>
    <testcase classname="toSyslogKeyword() convert 30 to crit" name="toSyslogKeyword() convert 30 to crit" time="0.003">
    </testcase>
    <testcase classname="toSyslogKeyword() convert 31 to crit" name="toSyslogKeyword() convert 31 to crit" time="0.004">
    </testcase>
    <testcase classname="toSyslogKeyword() convert 32 to crit" name="toSyslogKeyword() convert 32 to crit" time="0.001">
    </testcase>
    <testcase classname="toSyslogKeyword() convert 33 to crit" name="toSyslogKeyword() convert 33 to crit" time="0">
    </testcase>
    <testcase classname="toSyslogKeyword() convert 34 to crit" name="toSyslogKeyword() convert 34 to crit" time="0">
    </testcase>
    <testcase classname="toSyslogKeyword() convert 35 to crit" name="toSyslogKeyword() convert 35 to crit" time="0">
    </testcase>
    <testcase classname="toSyslogKeyword() convert 36 to crit" name="toSyslogKeyword() convert 36 to crit" time="0.001">
    </testcase>
    <testcase classname="toSyslogKeyword() convert 37 to crit" name="toSyslogKeyword() convert 37 to crit" time="0">
    </testcase>
    <testcase classname="toSyslogKeyword() convert 38 to crit" name="toSyslogKeyword() convert 38 to crit" time="0">
    </testcase>
    <testcase classname="toSyslogKeyword() convert 40 to err" name="toSyslogKeyword() convert 40 to err" time="0">
    </testcase>
    <testcase classname="toSyslogKeyword() convert 41 to err" name="toSyslogKeyword() convert 41 to err" time="0.001">
    </testcase>
    <testcase classname="toSyslogKeyword() convert 42 to err" name="toSyslogKeyword() convert 42 to err" time="0">
    </testcase>
    <testcase classname="toSyslogKeyword() convert 43 to err" name="toSyslogKeyword() convert 43 to err" time="0">
    </testcase>
    <testcase classname="toSyslogKeyword() convert 44 to err" name="toSyslogKeyword() convert 44 to err" time="0">
    </testcase>
    <testcase classname="toSyslogKeyword() convert 45 to err" name="toSyslogKeyword() convert 45 to err" time="0">
    </testcase>
    <testcase classname="toSyslogKeyword() convert 46 to err" name="toSyslogKeyword() convert 46 to err" time="0">
    </testcase>
    <testcase classname="toSyslogKeyword() convert 47 to err" name="toSyslogKeyword() convert 47 to err" time="0">
    </testcase>
    <testcase classname="toSyslogKeyword() convert 48 to err" name="toSyslogKeyword() convert 48 to err" time="0">
    </testcase>
    <testcase classname="toSyslogKeyword() convert 50 to warning" name="toSyslogKeyword() convert 50 to warning" time="0">
    </testcase>
    <testcase classname="toSyslogKeyword() convert 51 to warning" name="toSyslogKeyword() convert 51 to warning" time="0.001">
    </testcase>
    <testcase classname="toSyslogKeyword() convert 52 to warning" name="toSyslogKeyword() convert 52 to warning" time="0">
    </testcase>
    <testcase classname="toSyslogKeyword() convert 53 to warning" name="toSyslogKeyword() convert 53 to warning" time="0.001">
    </testcase>
    <testcase classname="toSyslogKeyword() convert 54 to warning" name="toSyslogKeyword() convert 54 to warning" time="0">
    </testcase>
    <testcase classname="toSyslogKeyword() convert 55 to warning" name="toSyslogKeyword() convert 55 to warning" time="0">
    </testcase>
    <testcase classname="toSyslogKeyword() convert 56 to warning" name="toSyslogKeyword() convert 56 to warning" time="0.001">
    </testcase>
    <testcase classname="toSyslogKeyword() convert 57 to warning" name="toSyslogKeyword() convert 57 to warning" time="0">
    </testcase>
    <testcase classname="toSyslogKeyword() convert 58 to warning" name="toSyslogKeyword() convert 58 to warning" time="0">
    </testcase>
    <testcase classname="toSyslogKeyword() convert 60 to notice" name="toSyslogKeyword() convert 60 to notice" time="0.001">
    </testcase>
    <testcase classname="toSyslogKeyword() convert 61 to notice" name="toSyslogKeyword() convert 61 to notice" time="0">
    </testcase>
    <testcase classname="toSyslogKeyword() convert 62 to notice" name="toSyslogKeyword() convert 62 to notice" time="0">
    </testcase>
    <testcase classname="toSyslogKeyword() convert 63 to notice" name="toSyslogKeyword() convert 63 to notice" time="0">
    </testcase>
    <testcase classname="toSyslogKeyword() convert 64 to notice" name="toSyslogKeyword() convert 64 to notice" time="0.001">
    </testcase>
    <testcase classname="toSyslogKeyword() convert 65 to notice" name="toSyslogKeyword() convert 65 to notice" time="0">
    </testcase>
    <testcase classname="toSyslogKeyword() convert 66 to notice" name="toSyslogKeyword() convert 66 to notice" time="0">
    </testcase>
    <testcase classname="toSyslogKeyword() convert 67 to notice" name="toSyslogKeyword() convert 67 to notice" time="0">
    </testcase>
    <testcase classname="toSyslogKeyword() convert 68 to notice" name="toSyslogKeyword() convert 68 to notice" time="0">
    </testcase>
    <testcase classname="toSyslogKeyword() convert 70 to info" name="toSyslogKeyword() convert 70 to info" time="0.001">
    </testcase>
    <testcase classname="toSyslogKeyword() convert 71 to info" name="toSyslogKeyword() convert 71 to info" time="0">
    </testcase>
    <testcase classname="toSyslogKeyword() convert 72 to info" name="toSyslogKeyword() convert 72 to info" time="0">
    </testcase>
    <testcase classname="toSyslogKeyword() convert 73 to info" name="toSyslogKeyword() convert 73 to info" time="0">
    </testcase>
    <testcase classname="toSyslogKeyword() convert 74 to info" name="toSyslogKeyword() convert 74 to info" time="0">
    </testcase>
    <testcase classname="toSyslogKeyword() convert 75 to info" name="toSyslogKeyword() convert 75 to info" time="0">
    </testcase>
    <testcase classname="toSyslogKeyword() convert 76 to info" name="toSyslogKeyword() convert 76 to info" time="0">
    </testcase>
    <testcase classname="toSyslogKeyword() convert 77 to info" name="toSyslogKeyword() convert 77 to info" time="0">
    </testcase>
    <testcase classname="toSyslogKeyword() convert 78 to info" name="toSyslogKeyword() convert 78 to info" time="0">
    </testcase>
    <testcase classname="toSyslogKeyword() convert 80 to debug" name="toSyslogKeyword() convert 80 to debug" time="0">
    </testcase>
    <testcase classname="toSyslogKeyword() convert 81 to debug" name="toSyslogKeyword() convert 81 to debug" time="0">
    </testcase>
    <testcase classname="toSyslogKeyword() convert 82 to debug" name="toSyslogKeyword() convert 82 to debug" time="0">
    </testcase>
    <testcase classname="toSyslogKeyword() convert 83 to debug" name="toSyslogKeyword() convert 83 to debug" time="0">
    </testcase>
    <testcase classname="toSyslogKeyword() convert 84 to debug" name="toSyslogKeyword() convert 84 to debug" time="0.001">
    </testcase>
    <testcase classname="toSyslogKeyword() convert 85 to debug" name="toSyslogKeyword() convert 85 to debug" time="0">
    </testcase>
    <testcase classname="toSyslogKeyword() convert 86 to debug" name="toSyslogKeyword() convert 86 to debug" time="0">
    </testcase>
    <testcase classname="toSyslogKeyword() convert 87 to debug" name="toSyslogKeyword() convert 87 to debug" time="0">
    </testcase>
    <testcase classname="toSyslogKeyword() convert 88 to debug" name="toSyslogKeyword() convert 88 to debug" time="0">
    </testcase>
    <testcase classname="toSyslogKeyword() convert 89 to debug" name="toSyslogKeyword() convert 89 to debug" time="0">
    </testcase>
  </testsuite>
  <testsuite name="undefined" errors="0" failures="0" skipped="0" timestamp="2019-07-13T22:44:00" time="0.351" tests="2">
    <testcase classname=" same logger will get the same color" name=" same logger will get the same color" time="0.005">
    </testcase>
    <testcase classname=" support color template" name=" support color template" time="0.001">
    </testcase>
  </testsuite>
  <testsuite name="undefined" errors="0" failures="0" skipped="0" timestamp="2019-07-13T22:44:00" time="0.533" tests="1">
    <testcase classname=" convert log entries to string" name=" convert log entries to string" time="0.005">
    </testcase>
  </testsuite>
  <testsuite name="getLogReporter()" errors="0" failures="0" skipped="0" timestamp="2019-07-13T22:44:00" time="0.76" tests="3">
    <testcase classname="getLogReporter() get reporter by id" name="getLogReporter() get reporter by id" time="0.003">
    </testcase>
    <testcase classname="getLogReporter() get unknown reporter gets undefined" name="getLogReporter() get unknown reporter gets undefined" time="0.001">
    </testcase>
    <testcase classname="addLogReporter() throw Prohibited in production mode" name="addLogReporter() throw Prohibited in production mode" time="0.002">
    </testcase>
  </testsuite>
  <testsuite name="clearCustomLogLevel()" errors="0" failures="0" skipped="0" timestamp="2019-07-13T22:44:00" time="0.6" tests="4">
    <testcase classname="clearCustomLogLevel() clear all custom levels" name="clearCustomLogLevel() clear all custom levels" time="0.005">
    </testcase>
    <testcase classname="onAddCustomLogLevel() trigger listener on add" name="onAddCustomLogLevel() trigger listener on add" time="0.002">
    </testcase>
    <testcase classname="onAddCustomLogLevel() unsubscribe listener" name="onAddCustomLogLevel() unsubscribe listener" time="0">
    </testcase>
    <testcase classname="onAddCustomLogLevel() unsubscribe again has no effect" name="onAddCustomLogLevel() unsubscribe again has no effect" time="0.001">
    </testcase>
  </testsuite>
  <testsuite name="undefined" errors="0" failures="0" skipped="0" timestamp="2019-07-13T22:44:00" time="0.257" tests="1">
    <testcase classname=" inspect actual color in console" name=" inspect actual color in console" time="0.063">
    </testcase>
  </testsuite>
  <testsuite name="toSyslogSeverity()" errors="0" failures="0" skipped="0" timestamp="2019-07-13T22:44:00" time="0.842" tests="164">
    <testcase classname="toSyslogSeverity() convert 1 to emergency" name="toSyslogSeverity() convert 1 to emergency" time="0.006">
    </testcase>
    <testcase classname="toSyslogSeverity() convert 2 to emergency" name="toSyslogSeverity() convert 2 to emergency" time="0.001">
    </testcase>
    <testcase classname="toSyslogSeverity() convert 3 to emergency" name="toSyslogSeverity() convert 3 to emergency" time="0.001">
    </testcase>
    <testcase classname="toSyslogSeverity() convert 4 to emergency" name="toSyslogSeverity() convert 4 to emergency" time="0">
    </testcase>
    <testcase classname="toSyslogSeverity() convert 5 to emergency" name="toSyslogSeverity() convert 5 to emergency" time="0.001">
    </testcase>
    <testcase classname="toSyslogSeverity() convert 6 to emergency" name="toSyslogSeverity() convert 6 to emergency" time="0">
    </testcase>
    <testcase classname="toSyslogSeverity() convert 7 to emergency" name="toSyslogSeverity() convert 7 to emergency" time="0.001">
    </testcase>
    <testcase classname="toSyslogSeverity() convert 8 to emergency" name="toSyslogSeverity() convert 8 to emergency" time="0">
    </testcase>
    <testcase classname="toSyslogSeverity() convert 9 to emergency" name="toSyslogSeverity() convert 9 to emergency" time="0.001">
    </testcase>
    <testcase classname="toSyslogSeverity() convert 10 to emergency" name="toSyslogSeverity() convert 10 to emergency" time="0">
    </testcase>
    <testcase classname="toSyslogSeverity() convert 11 to emergency" name="toSyslogSeverity() convert 11 to emergency" time="0">
    </testcase>
    <testcase classname="toSyslogSeverity() convert 12 to emergency" name="toSyslogSeverity() convert 12 to emergency" time="0.001">
    </testcase>
    <testcase classname="toSyslogSeverity() convert 13 to emergency" name="toSyslogSeverity() convert 13 to emergency" time="0">
    </testcase>
    <testcase classname="toSyslogSeverity() convert 14 to emergency" name="toSyslogSeverity() convert 14 to emergency" time="0.001">
    </testcase>
    <testcase classname="toSyslogSeverity() convert 15 to emergency" name="toSyslogSeverity() convert 15 to emergency" time="0">
    </testcase>
    <testcase classname="toSyslogSeverity() convert 16 to emergency" name="toSyslogSeverity() convert 16 to emergency" time="0.001">
    </testcase>
    <testcase classname="toSyslogSeverity() convert 17 to emergency" name="toSyslogSeverity() convert 17 to emergency" time="0">
    </testcase>
    <testcase classname="toSyslogSeverity() convert 18 to emergency" name="toSyslogSeverity() convert 18 to emergency" time="0.001">
    </testcase>
    <testcase classname="toSyslogSeverity() convert 20 to alert" name="toSyslogSeverity() convert 20 to alert" time="0">
    </testcase>
    <testcase classname="toSyslogSeverity() convert 21 to alert" name="toSyslogSeverity() convert 21 to alert" time="0.001">
    </testcase>
    <testcase classname="toSyslogSeverity() convert 22 to alert" name="toSyslogSeverity() convert 22 to alert" time="0">
    </testcase>
    <testcase classname="toSyslogSeverity() convert 23 to alert" name="toSyslogSeverity() convert 23 to alert" time="0">
    </testcase>
    <testcase classname="toSyslogSeverity() convert 24 to alert" name="toSyslogSeverity() convert 24 to alert" time="0.001">
    </testcase>
    <testcase classname="toSyslogSeverity() convert 25 to alert" name="toSyslogSeverity() convert 25 to alert" time="0">
    </testcase>
    <testcase classname="toSyslogSeverity() convert 26 to alert" name="toSyslogSeverity() convert 26 to alert" time="0.001">
    </testcase>
    <testcase classname="toSyslogSeverity() convert 27 to alert" name="toSyslogSeverity() convert 27 to alert" time="0">
    </testcase>
    <testcase classname="toSyslogSeverity() convert 28 to alert" name="toSyslogSeverity() convert 28 to alert" time="0.001">
    </testcase>
    <testcase classname="toSyslogSeverity() convert 30 to critical" name="toSyslogSeverity() convert 30 to critical" time="0.001">
    </testcase>
    <testcase classname="toSyslogSeverity() convert 31 to critical" name="toSyslogSeverity() convert 31 to critical" time="0.001">
    </testcase>
    <testcase classname="toSyslogSeverity() convert 32 to critical" name="toSyslogSeverity() convert 32 to critical" time="0">
    </testcase>
    <testcase classname="toSyslogSeverity() convert 33 to critical" name="toSyslogSeverity() convert 33 to critical" time="0">
    </testcase>
    <testcase classname="toSyslogSeverity() convert 34 to critical" name="toSyslogSeverity() convert 34 to critical" time="0.001">
    </testcase>
    <testcase classname="toSyslogSeverity() convert 35 to critical" name="toSyslogSeverity() convert 35 to critical" time="0">
    </testcase>
    <testcase classname="toSyslogSeverity() convert 36 to critical" name="toSyslogSeverity() convert 36 to critical" time="0.001">
    </testcase>
    <testcase classname="toSyslogSeverity() convert 37 to critical" name="toSyslogSeverity() convert 37 to critical" time="0">
    </testcase>
    <testcase classname="toSyslogSeverity() convert 38 to critical" name="toSyslogSeverity() convert 38 to critical" time="0">
    </testcase>
    <testcase classname="toSyslogSeverity() convert 40 to error" name="toSyslogSeverity() convert 40 to error" time="0.001">
    </testcase>
    <testcase classname="toSyslogSeverity() convert 41 to error" name="toSyslogSeverity() convert 41 to error" time="0">
    </testcase>
    <testcase classname="toSyslogSeverity() convert 42 to error" name="toSyslogSeverity() convert 42 to error" time="0">
    </testcase>
    <testcase classname="toSyslogSeverity() convert 43 to error" name="toSyslogSeverity() convert 43 to error" time="0">
    </testcase>
    <testcase classname="toSyslogSeverity() convert 44 to error" name="toSyslogSeverity() convert 44 to error" time="0">
    </testcase>
    <testcase classname="toSyslogSeverity() convert 45 to error" name="toSyslogSeverity() convert 45 to error" time="0.001">
    </testcase>
    <testcase classname="toSyslogSeverity() convert 46 to error" name="toSyslogSeverity() convert 46 to error" time="0">
    </testcase>
    <testcase classname="toSyslogSeverity() convert 47 to error" name="toSyslogSeverity() convert 47 to error" time="0">
    </testcase>
    <testcase classname="toSyslogSeverity() convert 48 to error" name="toSyslogSeverity() convert 48 to error" time="0">
    </testcase>
    <testcase classname="toSyslogSeverity() convert 50 to warning" name="toSyslogSeverity() convert 50 to warning" time="0">
    </testcase>
    <testcase classname="toSyslogSeverity() convert 51 to warning" name="toSyslogSeverity() convert 51 to warning" time="0">
    </testcase>
    <testcase classname="toSyslogSeverity() convert 52 to warning" name="toSyslogSeverity() convert 52 to warning" time="0.001">
    </testcase>
    <testcase classname="toSyslogSeverity() convert 53 to warning" name="toSyslogSeverity() convert 53 to warning" time="0">
    </testcase>
    <testcase classname="toSyslogSeverity() convert 54 to warning" name="toSyslogSeverity() convert 54 to warning" time="0">
    </testcase>
    <testcase classname="toSyslogSeverity() convert 55 to warning" name="toSyslogSeverity() convert 55 to warning" time="0.001">
    </testcase>
    <testcase classname="toSyslogSeverity() convert 56 to warning" name="toSyslogSeverity() convert 56 to warning" time="0">
    </testcase>
    <testcase classname="toSyslogSeverity() convert 57 to warning" name="toSyslogSeverity() convert 57 to warning" time="0">
    </testcase>
    <testcase classname="toSyslogSeverity() convert 58 to warning" name="toSyslogSeverity() convert 58 to warning" time="0">
    </testcase>
    <testcase classname="toSyslogSeverity() convert 60 to notice" name="toSyslogSeverity() convert 60 to notice" time="0.001">
    </testcase>
    <testcase classname="toSyslogSeverity() convert 61 to notice" name="toSyslogSeverity() convert 61 to notice" time="0">
    </testcase>
    <testcase classname="toSyslogSeverity() convert 62 to notice" name="toSyslogSeverity() convert 62 to notice" time="0">
    </testcase>
    <testcase classname="toSyslogSeverity() convert 63 to notice" name="toSyslogSeverity() convert 63 to notice" time="0">
    </testcase>
    <testcase classname="toSyslogSeverity() convert 64 to notice" name="toSyslogSeverity() convert 64 to notice" time="0">
    </testcase>
    <testcase classname="toSyslogSeverity() convert 65 to notice" name="toSyslogSeverity() convert 65 to notice" time="0">
    </testcase>
    <testcase classname="toSyslogSeverity() convert 66 to notice" name="toSyslogSeverity() convert 66 to notice" time="0">
    </testcase>
    <testcase classname="toSyslogSeverity() convert 67 to notice" name="toSyslogSeverity() convert 67 to notice" time="0">
    </testcase>
    <testcase classname="toSyslogSeverity() convert 68 to notice" name="toSyslogSeverity() convert 68 to notice" time="0.001">
    </testcase>
    <testcase classname="toSyslogSeverity() convert 70 to informational" name="toSyslogSeverity() convert 70 to informational" time="0">
    </testcase>
    <testcase classname="toSyslogSeverity() convert 71 to informational" name="toSyslogSeverity() convert 71 to informational" time="0">
    </testcase>
    <testcase classname="toSyslogSeverity() convert 72 to informational" name="toSyslogSeverity() convert 72 to informational" time="0.001">
    </testcase>
    <testcase classname="toSyslogSeverity() convert 73 to informational" name="toSyslogSeverity() convert 73 to informational" time="0">
    </testcase>
    <testcase classname="toSyslogSeverity() convert 74 to informational" name="toSyslogSeverity() convert 74 to informational" time="0">
    </testcase>
    <testcase classname="toSyslogSeverity() convert 75 to informational" name="toSyslogSeverity() convert 75 to informational" time="0">
    </testcase>
    <testcase classname="toSyslogSeverity() convert 76 to informational" name="toSyslogSeverity() convert 76 to informational" time="0.001">
    </testcase>
    <testcase classname="toSyslogSeverity() convert 77 to informational" name="toSyslogSeverity() convert 77 to informational" time="0">
    </testcase>
    <testcase classname="toSyslogSeverity() convert 78 to informational" name="toSyslogSeverity() convert 78 to informational" time="0">
    </testcase>
    <testcase classname="toSyslogSeverity() convert 80 to debug" name="toSyslogSeverity() convert 80 to debug" time="0">
    </testcase>
    <testcase classname="toSyslogSeverity() convert 81 to debug" name="toSyslogSeverity() convert 81 to debug" time="0.001">
    </testcase>
    <testcase classname="toSyslogSeverity() convert 82 to debug" name="toSyslogSeverity() convert 82 to debug" time="0">
    </testcase>
    <testcase classname="toSyslogSeverity() convert 83 to debug" name="toSyslogSeverity() convert 83 to debug" time="0">
    </testcase>
    <testcase classname="toSyslogSeverity() convert 84 to debug" name="toSyslogSeverity() convert 84 to debug" time="0">
    </testcase>
    <testcase classname="toSyslogSeverity() convert 85 to debug" name="toSyslogSeverity() convert 85 to debug" time="0">
    </testcase>
    <testcase classname="toSyslogSeverity() convert 86 to debug" name="toSyslogSeverity() convert 86 to debug" time="0">
    </testcase>
    <testcase classname="toSyslogSeverity() convert 87 to debug" name="toSyslogSeverity() convert 87 to debug" time="0">
    </testcase>
    <testcase classname="toSyslogSeverity() convert 88 to debug" name="toSyslogSeverity() convert 88 to debug" time="0">
    </testcase>
    <testcase classname="toSyslogSeverity() convert 89 to debug" name="toSyslogSeverity() convert 89 to debug" time="0">
    </testcase>
    <testcase classname="toSyslogKeyword() convert 1 to emerg" name="toSyslogKeyword() convert 1 to emerg" time="0.001">
    </testcase>
    <testcase classname="toSyslogKeyword() convert 2 to emerg" name="toSyslogKeyword() convert 2 to emerg" time="0">
    </testcase>
    <testcase classname="toSyslogKeyword() convert 3 to emerg" name="toSyslogKeyword() convert 3 to emerg" time="0">
    </testcase>
    <testcase classname="toSyslogKeyword() convert 4 to emerg" name="toSyslogKeyword() convert 4 to emerg" time="0.001">
    </testcase>
    <testcase classname="toSyslogKeyword() convert 5 to emerg" name="toSyslogKeyword() convert 5 to emerg" time="0">
    </testcase>
    <testcase classname="toSyslogKeyword() convert 6 to emerg" name="toSyslogKeyword() convert 6 to emerg" time="0.001">
    </testcase>
    <testcase classname="toSyslogKeyword() convert 7 to emerg" name="toSyslogKeyword() convert 7 to emerg" time="0">
    </testcase>
    <testcase classname="toSyslogKeyword() convert 8 to emerg" name="toSyslogKeyword() convert 8 to emerg" time="0">
    </testcase>
    <testcase classname="toSyslogKeyword() convert 9 to emerg" name="toSyslogKeyword() convert 9 to emerg" time="0.001">
    </testcase>
    <testcase classname="toSyslogKeyword() convert 10 to emerg" name="toSyslogKeyword() convert 10 to emerg" time="0.001">
    </testcase>
    <testcase classname="toSyslogKeyword() convert 11 to emerg" name="toSyslogKeyword() convert 11 to emerg" time="0">
    </testcase>
    <testcase classname="toSyslogKeyword() convert 12 to emerg" name="toSyslogKeyword() convert 12 to emerg" time="0">
    </testcase>
    <testcase classname="toSyslogKeyword() convert 13 to emerg" name="toSyslogKeyword() convert 13 to emerg" time="0">
    </testcase>
    <testcase classname="toSyslogKeyword() convert 14 to emerg" name="toSyslogKeyword() convert 14 to emerg" time="0">
    </testcase>
    <testcase classname="toSyslogKeyword() convert 15 to emerg" name="toSyslogKeyword() convert 15 to emerg" time="0">
    </testcase>
    <testcase classname="toSyslogKeyword() convert 16 to emerg" name="toSyslogKeyword() convert 16 to emerg" time="0">
    </testcase>
    <testcase classname="toSyslogKeyword() convert 17 to emerg" name="toSyslogKeyword() convert 17 to emerg" time="0.001">
    </testcase>
    <testcase classname="toSyslogKeyword() convert 18 to emerg" name="toSyslogKeyword() convert 18 to emerg" time="0">
    </testcase>
    <testcase classname="toSyslogKeyword() convert 20 to alert" name="toSyslogKeyword() convert 20 to alert" time="0">
    </testcase>
    <testcase classname="toSyslogKeyword() convert 21 to alert" name="toSyslogKeyword() convert 21 to alert" time="0">
    </testcase>
    <testcase classname="toSyslogKeyword() convert 22 to alert" name="toSyslogKeyword() convert 22 to alert" time="0.001">
    </testcase>
    <testcase classname="toSyslogKeyword() convert 23 to alert" name="toSyslogKeyword() convert 23 to alert" time="0">
    </testcase>
    <testcase classname="toSyslogKeyword() convert 24 to alert" name="toSyslogKeyword() convert 24 to alert" time="0">
    </testcase>
    <testcase classname="toSyslogKeyword() convert 25 to alert" name="toSyslogKeyword() convert 25 to alert" time="0">
    </testcase>
    <testcase classname="toSyslogKeyword() convert 26 to alert" name="toSyslogKeyword() convert 26 to alert" time="0">
    </testcase>
    <testcase classname="toSyslogKeyword() convert 27 to alert" name="toSyslogKeyword() convert 27 to alert" time="0.001">
    </testcase>
    <testcase classname="toSyslogKeyword() convert 28 to alert" name="toSyslogKeyword() convert 28 to alert" time="0">
    </testcase>
    <testcase classname="toSyslogKeyword() convert 30 to crit" name="toSyslogKeyword() convert 30 to crit" time="0">
    </testcase>
    <testcase classname="toSyslogKeyword() convert 31 to crit" name="toSyslogKeyword() convert 31 to crit" time="0">
    </testcase>
    <testcase classname="toSyslogKeyword() convert 32 to crit" name="toSyslogKeyword() convert 32 to crit" time="0.001">
    </testcase>
    <testcase classname="toSyslogKeyword() convert 33 to crit" name="toSyslogKeyword() convert 33 to crit" time="0">
    </testcase>
    <testcase classname="toSyslogKeyword() convert 34 to crit" name="toSyslogKeyword() convert 34 to crit" time="0">
    </testcase>
    <testcase classname="toSyslogKeyword() convert 35 to crit" name="toSyslogKeyword() convert 35 to crit" time="0">
    </testcase>
    <testcase classname="toSyslogKeyword() convert 36 to crit" name="toSyslogKeyword() convert 36 to crit" time="0">
    </testcase>
    <testcase classname="toSyslogKeyword() convert 37 to crit" name="toSyslogKeyword() convert 37 to crit" time="0.001">
    </testcase>
    <testcase classname="toSyslogKeyword() convert 38 to crit" name="toSyslogKeyword() convert 38 to crit" time="0">
    </testcase>
    <testcase classname="toSyslogKeyword() convert 40 to err" name="toSyslogKeyword() convert 40 to err" time="0">
    </testcase>
    <testcase classname="toSyslogKeyword() convert 41 to err" name="toSyslogKeyword() convert 41 to err" time="0">
    </testcase>
    <testcase classname="toSyslogKeyword() convert 42 to err" name="toSyslogKeyword() convert 42 to err" time="0.001">
    </testcase>
    <testcase classname="toSyslogKeyword() convert 43 to err" name="toSyslogKeyword() convert 43 to err" time="0">
    </testcase>
    <testcase classname="toSyslogKeyword() convert 44 to err" name="toSyslogKeyword() convert 44 to err" time="0.002">
    </testcase>
    <testcase classname="toSyslogKeyword() convert 45 to err" name="toSyslogKeyword() convert 45 to err" time="0">
    </testcase>
    <testcase classname="toSyslogKeyword() convert 46 to err" name="toSyslogKeyword() convert 46 to err" time="0">
    </testcase>
    <testcase classname="toSyslogKeyword() convert 47 to err" name="toSyslogKeyword() convert 47 to err" time="0">
    </testcase>
    <testcase classname="toSyslogKeyword() convert 48 to err" name="toSyslogKeyword() convert 48 to err" time="0.001">
    </testcase>
    <testcase classname="toSyslogKeyword() convert 50 to warning" name="toSyslogKeyword() convert 50 to warning" time="0">
    </testcase>
    <testcase classname="toSyslogKeyword() convert 51 to warning" name="toSyslogKeyword() convert 51 to warning" time="0">
    </testcase>
    <testcase classname="toSyslogKeyword() convert 52 to warning" name="toSyslogKeyword() convert 52 to warning" time="0">
    </testcase>
    <testcase classname="toSyslogKeyword() convert 53 to warning" name="toSyslogKeyword() convert 53 to warning" time="0.001">
    </testcase>
    <testcase classname="toSyslogKeyword() convert 54 to warning" name="toSyslogKeyword() convert 54 to warning" time="0">
    </testcase>
    <testcase classname="toSyslogKeyword() convert 55 to warning" name="toSyslogKeyword() convert 55 to warning" time="0">
    </testcase>
    <testcase classname="toSyslogKeyword() convert 56 to warning" name="toSyslogKeyword() convert 56 to warning" time="0">
    </testcase>
    <testcase classname="toSyslogKeyword() convert 57 to warning" name="toSyslogKeyword() convert 57 to warning" time="0.001">
    </testcase>
    <testcase classname="toSyslogKeyword() convert 58 to warning" name="toSyslogKeyword() convert 58 to warning" time="0">
    </testcase>
    <testcase classname="toSyslogKeyword() convert 60 to notice" name="toSyslogKeyword() convert 60 to notice" time="0">
    </testcase>
    <testcase classname="toSyslogKeyword() convert 61 to notice" name="toSyslogKeyword() convert 61 to notice" time="0">
    </testcase>
    <testcase classname="toSyslogKeyword() convert 62 to notice" name="toSyslogKeyword() convert 62 to notice" time="0">
    </testcase>
    <testcase classname="toSyslogKeyword() convert 63 to notice" name="toSyslogKeyword() convert 63 to notice" time="0.001">
    </testcase>
    <testcase classname="toSyslogKeyword() convert 64 to notice" name="toSyslogKeyword() convert 64 to notice" time="0">
    </testcase>
    <testcase classname="toSyslogKeyword() convert 65 to notice" name="toSyslogKeyword() convert 65 to notice" time="0">
    </testcase>
    <testcase classname="toSyslogKeyword() convert 66 to notice" name="toSyslogKeyword() convert 66 to notice" time="0">
    </testcase>
    <testcase classname="toSyslogKeyword() convert 67 to notice" name="toSyslogKeyword() convert 67 to notice" time="0.001">
    </testcase>
    <testcase classname="toSyslogKeyword() convert 68 to notice" name="toSyslogKeyword() convert 68 to notice" time="0">
    </testcase>
    <testcase classname="toSyslogKeyword() convert 70 to info" name="toSyslogKeyword() convert 70 to info" time="0">
    </testcase>
    <testcase classname="toSyslogKeyword() convert 71 to info" name="toSyslogKeyword() convert 71 to info" time="0.001">
    </testcase>
    <testcase classname="toSyslogKeyword() convert 72 to info" name="toSyslogKeyword() convert 72 to info" time="0">
    </testcase>
    <testcase classname="toSyslogKeyword() convert 73 to info" name="toSyslogKeyword() convert 73 to info" time="0">
    </testcase>
    <testcase classname="toSyslogKeyword() convert 74 to info" name="toSyslogKeyword() convert 74 to info" time="0.001">
    </testcase>
    <testcase classname="toSyslogKeyword() convert 75 to info" name="toSyslogKeyword() convert 75 to info" time="0">
    </testcase>
    <testcase classname="toSyslogKeyword() convert 76 to info" name="toSyslogKeyword() convert 76 to info" time="0">
    </testcase>
    <testcase classname="toSyslogKeyword() convert 77 to info" name="toSyslogKeyword() convert 77 to info" time="0">
    </testcase>
    <testcase classname="toSyslogKeyword() convert 78 to info" name="toSyslogKeyword() convert 78 to info" time="0">
    </testcase>
    <testcase classname="toSyslogKeyword() convert 80 to debug" name="toSyslogKeyword() convert 80 to debug" time="0.001">
    </testcase>
    <testcase classname="toSyslogKeyword() convert 81 to debug" name="toSyslogKeyword() convert 81 to debug" time="0">
    </testcase>
    <testcase classname="toSyslogKeyword() convert 82 to debug" name="toSyslogKeyword() convert 82 to debug" time="0">
    </testcase>
    <testcase classname="toSyslogKeyword() convert 83 to debug" name="toSyslogKeyword() convert 83 to debug" time="0">
    </testcase>
    <testcase classname="toSyslogKeyword() convert 84 to debug" name="toSyslogKeyword() convert 84 to debug" time="0">
    </testcase>
    <testcase classname="toSyslogKeyword() convert 85 to debug" name="toSyslogKeyword() convert 85 to debug" time="0.001">
    </testcase>
    <testcase classname="toSyslogKeyword() convert 86 to debug" name="toSyslogKeyword() convert 86 to debug" time="0">
    </testcase>
    <testcase classname="toSyslogKeyword() convert 87 to debug" name="toSyslogKeyword() convert 87 to debug" time="0">
    </testcase>
    <testcase classname="toSyslogKeyword() convert 88 to debug" name="toSyslogKeyword() convert 88 to debug" time="0">
    </testcase>
    <testcase classname="toSyslogKeyword() convert 89 to debug" name="toSyslogKeyword() convert 89 to debug" time="0">
    </testcase>
  </testsuite>
  <testsuite name="undefined" errors="0" failures="0" skipped="0" timestamp="2019-07-13T22:44:00" time="0.585" tests="1">
    <testcase classname=" convert log entries to string" name=" convert log entries to string" time="0.008">
    </testcase>
  </testsuite>
  <testsuite name="toLogLevelName()" errors="0" failures="0" skipped="0" timestamp="2019-07-13T22:44:00" time="0.776" tests="15">
    <testcase classname="toLogLevelName() convert 99 to emergency" name="toLogLevelName() convert 99 to emergency" time="0.002">
    </testcase>
    <testcase classname="toLogLevelName() convert 199 to alert" name="toLogLevelName() convert 199 to alert" time="0.001">
    </testcase>
    <testcase classname="toLogLevelName() convert 299 to critical" name="toLogLevelName() convert 299 to critical" time="0">
    </testcase>
    <testcase classname="toLogLevelName() convert 399 to error" name="toLogLevelName() convert 399 to error" time="0.001">
    </testcase>
    <testcase classname="toLogLevelName() convert 499 to warn" name="toLogLevelName() convert 499 to warn" time="0">
    </testcase>
    <testcase classname="toLogLevelName() convert 599 to notice" name="toLogLevelName() convert 599 to notice" time="0">
    </testcase>
    <testcase classname="toLogLevelName() convert 699 to info" name="toLogLevelName() convert 699 to info" time="0.001">
    </testcase>
    <testcase classname="toLogLevelName() convert 799 to debug" name="toLogLevelName() convert 799 to debug" time="0">
    </testcase>
    <testcase classname="toLogLevelName() convert 899 to trace" name="toLogLevelName() convert 899 to trace" time="0.001">
    </testcase>
    <testcase classname="toLogLevelName() convert 9999999 to planck" name="toLogLevelName() convert 9999999 to planck" time="0">
    </testcase>
    <testcase classname="toLogLevelName() get custom log level name" name="toLogLevelName() get custom log level name" time="0.001">
    </testcase>
    <testcase classname="toLogLevel() get default log levels" name="toLogLevel() get default log levels" time="0.001">
    </testcase>
    <testcase classname="toLogLevel() get custom log level" name="toLogLevel() get custom log level" time="0">
    </testcase>
    <testcase classname="getAllLogLevels get all default log levels except none and all" name="getAllLogLevels get all default log levels except none and all" time="0.003">
    </testcase>
    <testcase classname="getAllLogLevels include custom level (even if they have the same level value as one of the default level)" name="getAllLogLevels include custom level (even if they have the same level value as one of the default level)" time="0.001">
    </testcase>
  </testsuite>
  <testsuite name="undefined" errors="0" failures="0" skipped="0" timestamp="2019-07-13T22:44:01" time="0.52" tests="2">
    <testcase classname=" log entries are saved in the `logs` property" name=" log entries are saved in the `logs` property" time="0.002">
    </testcase>
    <testcase classname=" formatter can be used to pre-process the log" name=" formatter can be used to pre-process the log" time="0.001">
    </testcase>
  </testsuite>
  <testsuite name="undefined" errors="0" failures="0" skipped="0" timestamp="2019-07-13T22:44:01" time="0.51" tests="4">
    <testcase classname=" support duo code" name=" support duo code" time="0.002">
    </testcase>
    <testcase classname=" support single code" name=" support single code" time="0">
    </testcase>
    <testcase classname=" support triple code" name=" support triple code" time="0">
    </testcase>
    <testcase classname=" specific style" name=" specific style" time="0.001">
    </testcase>
  </testsuite>
  <testsuite name="undefined" errors="0" failures="0" skipped="0" timestamp="2019-07-13T22:44:01" time="0.474" tests="2">
    <testcase classname=" error on red changes foreground to black" name=" error on red changes foreground to black" time="0.003">
    </testcase>
    <testcase classname=" warn on yellow changes foreground to black" name=" warn on yellow changes foreground to black" time="0.001">
    </testcase>
  </testsuite>
  <testsuite name="undefined" errors="0" failures="0" skipped="0" timestamp="2019-07-13T22:44:01" time="0.434" tests="1">
    <testcase classname=" LogReporter can specify what kind of LogFormatter it accepts" name=" LogReporter can specify what kind of LogFormatter it accepts" time="0">
    </testcase>
  </testsuite>
</testsuites>